mode: atomic
github.com/Zura16/Reusable-Go-Services/config/config.go:32.33,35.2 1 1
github.com/Zura16/Reusable-Go-Services/config/config.go:39.29,48.48 2 11
github.com/Zura16/Reusable-Go-Services/config/config.go:48.48,50.17 2 4
github.com/Zura16/Reusable-Go-Services/config/config.go:50.17,52.4 1 1
github.com/Zura16/Reusable-Go-Services/config/config.go:53.3,53.15 1 3
github.com/Zura16/Reusable-Go-Services/config/config.go:56.2,56.53 1 10
github.com/Zura16/Reusable-Go-Services/config/config.go:56.53,58.17 2 2
github.com/Zura16/Reusable-Go-Services/config/config.go:58.17,60.4 1 0
github.com/Zura16/Reusable-Go-Services/config/config.go:61.3,61.19 1 2
github.com/Zura16/Reusable-Go-Services/config/config.go:64.2,64.56 1 10
github.com/Zura16/Reusable-Go-Services/config/config.go:64.56,66.17 2 2
github.com/Zura16/Reusable-Go-Services/config/config.go:66.17,68.4 1 0
github.com/Zura16/Reusable-Go-Services/config/config.go:69.3,69.22 1 2
github.com/Zura16/Reusable-Go-Services/config/config.go:72.2,72.62 1 10
github.com/Zura16/Reusable-Go-Services/config/config.go:72.62,74.17 2 3
github.com/Zura16/Reusable-Go-Services/config/config.go:74.17,76.4 1 1
github.com/Zura16/Reusable-Go-Services/config/config.go:77.3,77.26 1 2
github.com/Zura16/Reusable-Go-Services/config/config.go:80.2,80.55 1 9
github.com/Zura16/Reusable-Go-Services/config/config.go:80.55,82.3 1 2
github.com/Zura16/Reusable-Go-Services/config/config.go:84.2,84.56 1 9
github.com/Zura16/Reusable-Go-Services/config/config.go:84.56,86.3 1 1
github.com/Zura16/Reusable-Go-Services/config/config.go:89.2,89.34 1 9
github.com/Zura16/Reusable-Go-Services/config/config.go:89.34,91.3 1 2
github.com/Zura16/Reusable-Go-Services/config/config.go:92.2,92.42 1 7
github.com/Zura16/Reusable-Go-Services/config/config.go:92.42,94.3 1 1
github.com/Zura16/Reusable-Go-Services/config/config.go:95.2,95.48 1 6
github.com/Zura16/Reusable-Go-Services/config/config.go:95.48,97.3 1 1
github.com/Zura16/Reusable-Go-Services/config/config.go:99.2,99.28 1 5
github.com/Zura16/Reusable-Go-Services/config/config.go:99.28,101.3 1 1
github.com/Zura16/Reusable-Go-Services/config/config.go:103.2,103.20 1 4
github.com/Zura16/Reusable-Go-Services/config/config.go:104.40,104.40 0 3
github.com/Zura16/Reusable-Go-Services/config/config.go:106.10,107.96 1 1
github.com/Zura16/Reusable-Go-Services/config/config.go:110.2,110.15 1 3
github.com/Zura16/Reusable-Go-Services/auth/middleware.go:12.79,13.46 1 1
github.com/Zura16/Reusable-Go-Services/auth/middleware.go:13.46,14.72 1 1
github.com/Zura16/Reusable-Go-Services/auth/middleware.go:14.72,15.24 1 7
github.com/Zura16/Reusable-Go-Services/auth/middleware.go:15.24,18.5 2 0
github.com/Zura16/Reusable-Go-Services/auth/middleware.go:20.4,21.29 2 7
github.com/Zura16/Reusable-Go-Services/auth/middleware.go:21.29,24.5 2 1
github.com/Zura16/Reusable-Go-Services/auth/middleware.go:26.4,27.18 2 6
github.com/Zura16/Reusable-Go-Services/auth/middleware.go:27.18,30.5 2 3
github.com/Zura16/Reusable-Go-Services/auth/middleware.go:32.4,33.18 2 3
github.com/Zura16/Reusable-Go-Services/auth/middleware.go:33.18,37.5 2 1
github.com/Zura16/Reusable-Go-Services/auth/middleware.go:39.4,40.41 2 2
github.com/Zura16/Reusable-Go-Services/auth/middleware.go:48.63,49.46 1 3
github.com/Zura16/Reusable-Go-Services/auth/middleware.go:49.46,50.72 1 3
github.com/Zura16/Reusable-Go-Services/auth/middleware.go:50.72,52.11 2 3
github.com/Zura16/Reusable-Go-Services/auth/middleware.go:52.11,55.5 2 1
github.com/Zura16/Reusable-Go-Services/auth/middleware.go:57.4,58.37 2 2
github.com/Zura16/Reusable-Go-Services/auth/middleware.go:58.37,59.18 1 2
github.com/Zura16/Reusable-Go-Services/auth/middleware.go:59.18,61.11 2 1
github.com/Zura16/Reusable-Go-Services/auth/middleware.go:65.4,65.16 1 2
github.com/Zura16/Reusable-Go-Services/auth/middleware.go:65.16,68.5 2 1
github.com/Zura16/Reusable-Go-Services/auth/middleware.go:70.4,70.24 1 1
github.com/Zura16/Reusable-Go-Services/auth/validator.go:34.80,43.2 2 3
github.com/Zura16/Reusable-Go-Services/auth/validator.go:48.89,52.63 3 10
github.com/Zura16/Reusable-Go-Services/auth/validator.go:52.63,53.62 1 6
github.com/Zura16/Reusable-Go-Services/auth/validator.go:53.62,59.4 2 5
github.com/Zura16/Reusable-Go-Services/auth/validator.go:62.2,62.39 1 5
github.com/Zura16/Reusable-Go-Services/auth/validator.go:72.87,73.18 1 2
github.com/Zura16/Reusable-Go-Services/auth/validator.go:73.18,75.3 1 1
github.com/Zura16/Reusable-Go-Services/auth/validator.go:76.2,80.8 2 1
github.com/Zura16/Reusable-Go-Services/auth/validator.go:85.49,87.18 2 14
github.com/Zura16/Reusable-Go-Services/auth/validator.go:87.18,89.3 1 1
github.com/Zura16/Reusable-Go-Services/auth/validator.go:91.2,92.63 2 13
github.com/Zura16/Reusable-Go-Services/auth/validator.go:92.63,94.3 1 6
github.com/Zura16/Reusable-Go-Services/auth/validator.go:96.2,96.20 1 7
github.com/Zura16/Reusable-Go-Services/auth/validator.go:96.20,98.3 1 0
github.com/Zura16/Reusable-Go-Services/auth/validator.go:100.2,100.22 1 7
github.com/Zura16/Reusable-Go-Services/auth/validator.go:109.82,111.2 1 4
github.com/Zura16/Reusable-Go-Services/auth/validator.go:114.64,117.2 2 5
github.com/Zura16/Reusable-Go-Services/httpserver/middleware.go:27.55,28.52 1 9
github.com/Zura16/Reusable-Go-Services/httpserver/middleware.go:28.52,30.3 1 9
github.com/Zura16/Reusable-Go-Services/httpserver/middleware.go:31.2,31.11 1 0
github.com/Zura16/Reusable-Go-Services/httpserver/middleware.go:41.49,42.20 1 10
github.com/Zura16/Reusable-Go-Services/httpserver/middleware.go:42.20,44.3 1 0
github.com/Zura16/Reusable-Go-Services/httpserver/middleware.go:45.2,47.37 3 10
github.com/Zura16/Reusable-Go-Services/httpserver/middleware.go:50.56,51.21 1 12
github.com/Zura16/Reusable-Go-Services/httpserver/middleware.go:51.21,53.3 1 1
github.com/Zura16/Reusable-Go-Services/httpserver/middleware.go:54.2,54.35 1 12
github.com/Zura16/Reusable-Go-Services/httpserver/middleware.go:57.35,58.51 1 0
github.com/Zura16/Reusable-Go-Services/httpserver/middleware.go:58.51,60.3 1 0
github.com/Zura16/Reusable-Go-Services/httpserver/middleware.go:63.73,64.52 1 0
github.com/Zura16/Reusable-Go-Services/httpserver/middleware.go:64.52,66.3 1 0
github.com/Zura16/Reusable-Go-Services/httpserver/middleware.go:67.2,67.100 1 0
github.com/Zura16/Reusable-Go-Services/httpserver/middleware.go:71.67,72.46 1 5
github.com/Zura16/Reusable-Go-Services/httpserver/middleware.go:72.46,73.72 1 5
github.com/Zura16/Reusable-Go-Services/httpserver/middleware.go:73.72,74.17 1 7
github.com/Zura16/Reusable-Go-Services/httpserver/middleware.go:74.17,75.37 1 7
github.com/Zura16/Reusable-Go-Services/httpserver/middleware.go:75.37,81.6 2 1
github.com/Zura16/Reusable-Go-Services/httpserver/middleware.go:83.4,83.24 1 7
github.com/Zura16/Reusable-Go-Services/httpserver/middleware.go:89.50,90.46 1 6
github.com/Zura16/Reusable-Go-Services/httpserver/middleware.go:90.46,91.72 1 6
github.com/Zura16/Reusable-Go-Services/httpserver/middleware.go:91.72,93.16 2 9
github.com/Zura16/Reusable-Go-Services/httpserver/middleware.go:93.16,95.5 1 8
github.com/Zura16/Reusable-Go-Services/httpserver/middleware.go:96.4,98.41 3 9
github.com/Zura16/Reusable-Go-Services/httpserver/middleware.go:103.42,105.30 2 9
github.com/Zura16/Reusable-Go-Services/httpserver/middleware.go:105.30,107.3 1 8
github.com/Zura16/Reusable-Go-Services/httpserver/middleware.go:108.2,108.24 1 1
github.com/Zura16/Reusable-Go-Services/httpserver/middleware.go:108.24,109.26 1 21
github.com/Zura16/Reusable-Go-Services/httpserver/middleware.go:109.26,111.4 1 0
github.com/Zura16/Reusable-Go-Services/httpserver/middleware.go:113.2,113.11 1 1
github.com/Zura16/Reusable-Go-Services/httpserver/middleware.go:118.66,119.46 1 5
github.com/Zura16/Reusable-Go-Services/httpserver/middleware.go:119.46,120.72 1 5
github.com/Zura16/Reusable-Go-Services/httpserver/middleware.go:120.72,124.17 3 7
github.com/Zura16/Reusable-Go-Services/httpserver/middleware.go:124.17,130.20 5 7
github.com/Zura16/Reusable-Go-Services/httpserver/middleware.go:130.20,132.6 1 0
github.com/Zura16/Reusable-Go-Services/httpserver/middleware.go:134.5,142.6 1 7
github.com/Zura16/Reusable-Go-Services/httpserver/middleware.go:145.4,145.25 1 7
github.com/Zura16/Reusable-Go-Services/httpserver/middleware.go:151.72,152.46 1 2
github.com/Zura16/Reusable-Go-Services/httpserver/middleware.go:152.46,153.72 1 2
github.com/Zura16/Reusable-Go-Services/httpserver/middleware.go:153.72,157.17 3 3
github.com/Zura16/Reusable-Go-Services/httpserver/middleware.go:157.17,158.17 1 3
github.com/Zura16/Reusable-Go-Services/httpserver/middleware.go:158.17,160.21 2 3
github.com/Zura16/Reusable-Go-Services/httpserver/middleware.go:160.21,162.7 1 0
github.com/Zura16/Reusable-Go-Services/httpserver/middleware.go:163.6,166.36 3 3
github.com/Zura16/Reusable-Go-Services/httpserver/middleware.go:166.36,168.7 1 3
github.com/Zura16/Reusable-Go-Services/httpserver/middleware.go:169.6,169.38 1 3
github.com/Zura16/Reusable-Go-Services/httpserver/middleware.go:169.38,171.7 1 3
github.com/Zura16/Reusable-Go-Services/httpserver/middleware.go:175.4,175.25 1 3
github.com/Zura16/Reusable-Go-Services/httpserver/middleware.go:181.63,182.46 1 6
github.com/Zura16/Reusable-Go-Services/httpserver/middleware.go:182.46,183.72 1 6
github.com/Zura16/Reusable-Go-Services/httpserver/middleware.go:183.72,184.34 1 8
github.com/Zura16/Reusable-Go-Services/httpserver/middleware.go:184.34,186.5 1 8
github.com/Zura16/Reusable-Go-Services/httpserver/middleware.go:187.4,187.24 1 8
github.com/Zura16/Reusable-Go-Services/httpserver/server.go:35.51,36.25 1 2
github.com/Zura16/Reusable-Go-Services/httpserver/server.go:36.25,38.3 1 2
github.com/Zura16/Reusable-Go-Services/httpserver/server.go:42.44,43.25 1 1
github.com/Zura16/Reusable-Go-Services/httpserver/server.go:43.25,45.3 1 1
github.com/Zura16/Reusable-Go-Services/httpserver/server.go:49.38,50.25 1 0
github.com/Zura16/Reusable-Go-Services/httpserver/server.go:50.25,52.3 1 0
github.com/Zura16/Reusable-Go-Services/httpserver/server.go:56.35,57.25 1 0
github.com/Zura16/Reusable-Go-Services/httpserver/server.go:57.25,59.3 1 0
github.com/Zura16/Reusable-Go-Services/httpserver/server.go:63.52,64.25 1 0
github.com/Zura16/Reusable-Go-Services/httpserver/server.go:64.25,66.3 1 0
github.com/Zura16/Reusable-Go-Services/httpserver/server.go:70.39,71.25 1 0
github.com/Zura16/Reusable-Go-Services/httpserver/server.go:71.25,73.3 1 0
github.com/Zura16/Reusable-Go-Services/httpserver/server.go:77.67,78.25 1 0
github.com/Zura16/Reusable-Go-Services/httpserver/server.go:78.25,80.3 1 0
github.com/Zura16/Reusable-Go-Services/httpserver/server.go:84.82,85.19 1 5
github.com/Zura16/Reusable-Go-Services/httpserver/server.go:85.19,87.3 1 0
github.com/Zura16/Reusable-Go-Services/httpserver/server.go:89.2,98.27 2 5
github.com/Zura16/Reusable-Go-Services/httpserver/server.go:98.27,100.3 1 3
github.com/Zura16/Reusable-Go-Services/httpserver/server.go:103.2,103.76 1 5
github.com/Zura16/Reusable-Go-Services/httpserver/server.go:103.76,106.3 2 3
github.com/Zura16/Reusable-Go-Services/httpserver/server.go:108.2,108.75 1 5
github.com/Zura16/Reusable-Go-Services/httpserver/server.go:108.75,109.45 1 2
github.com/Zura16/Reusable-Go-Services/httpserver/server.go:109.45,113.4 3 1
github.com/Zura16/Reusable-Go-Services/httpserver/server.go:114.3,115.34 2 1
github.com/Zura16/Reusable-Go-Services/httpserver/server.go:119.2,127.22 5 5
github.com/Zura16/Reusable-Go-Services/httpserver/server.go:127.22,129.3 1 2
github.com/Zura16/Reusable-Go-Services/httpserver/server.go:130.2,136.41 5 5
github.com/Zura16/Reusable-Go-Services/httpserver/server.go:136.41,138.3 1 22
github.com/Zura16/Reusable-Go-Services/httpserver/server.go:139.2,151.15 3 5
github.com/Zura16/Reusable-Go-Services/httpserver/server.go:155.41,157.2 1 7
github.com/Zura16/Reusable-Go-Services/httpserver/server.go:160.41,163.2 2 0
github.com/Zura16/Reusable-Go-Services/httpserver/server.go:166.54,169.2 2 0
github.com/Zura16/Reusable-Go-Services/httpserver/server.go:172.63,174.2 1 0
github.com/Zura16/Reusable-Go-Services/httpserver/server.go:177.71,179.2 1 1
github.com/Zura16/Reusable-Go-Services/observability/logging.go:18.51,22.16 3 2
github.com/Zura16/Reusable-Go-Services/observability/logging.go:22.16,24.3 1 1
github.com/Zura16/Reusable-Go-Services/observability/logging.go:26.2,29.16 3 1
github.com/Zura16/Reusable-Go-Services/observability/logging.go:29.16,31.3 1 0
github.com/Zura16/Reusable-Go-Services/observability/logging.go:33.2,33.20 1 1
github.com/Zura16/Reusable-Go-Services/observability/logging.go:38.80,39.25 1 1
github.com/Zura16/Reusable-Go-Services/observability/logging.go:39.25,41.3 1 1
github.com/Zura16/Reusable-Go-Services/observability/logging.go:43.2,44.30 2 1
github.com/Zura16/Reusable-Go-Services/observability/logging.go:44.30,46.3 1 3
github.com/Zura16/Reusable-Go-Services/observability/logging.go:48.2,49.28 2 1
github.com/Zura16/Reusable-Go-Services/observability/logging.go:49.28,50.39 1 4
github.com/Zura16/Reusable-Go-Services/observability/logging.go:50.39,52.4 1 3
github.com/Zura16/Reusable-Go-Services/observability/logging.go:52.9,54.4 1 1
github.com/Zura16/Reusable-Go-Services/observability/logging.go:57.2,57.17 1 1
github.com/Zura16/Reusable-Go-Services/observability/metrics.go:31.53,32.16 1 1
github.com/Zura16/Reusable-Go-Services/observability/metrics.go:32.16,34.3 1 0
github.com/Zura16/Reusable-Go-Services/observability/metrics.go:36.2,37.44 2 1
github.com/Zura16/Reusable-Go-Services/observability/metrics.go:37.44,39.3 1 1
github.com/Zura16/Reusable-Go-Services/observability/metrics.go:39.8,41.3 1 0
github.com/Zura16/Reusable-Go-Services/observability/metrics.go:43.2,82.10 6 1
github.com/Zura16/Reusable-Go-Services/observability/metrics.go:86.50,87.35 1 2
github.com/Zura16/Reusable-Go-Services/observability/metrics.go:87.35,89.3 1 0
github.com/Zura16/Reusable-Go-Services/observability/metrics.go:90.2,90.19 1 2
github.com/Zura16/Reusable-Go-Services/observability/metrics.go:95.50,96.14 1 1
github.com/Zura16/Reusable-Go-Services/observability/metrics.go:96.14,98.3 1 0
github.com/Zura16/Reusable-Go-Services/observability/metrics.go:99.2,99.55 1 1
github.com/Zura16/Reusable-Go-Services/observability/metrics.go:103.35,104.9 1 0
github.com/Zura16/Reusable-Go-Services/observability/metrics.go:105.33,106.15 1 0
github.com/Zura16/Reusable-Go-Services/observability/metrics.go:107.33,108.15 1 0
github.com/Zura16/Reusable-Go-Services/observability/metrics.go:109.33,110.15 1 0
github.com/Zura16/Reusable-Go-Services/observability/metrics.go:111.33,112.15 1 0
github.com/Zura16/Reusable-Go-Services/observability/metrics.go:113.19,114.15 1 0
github.com/Zura16/Reusable-Go-Services/observability/metrics.go:115.10,116.19 1 0
github.com/Zura16/Reusable-Go-Services/observability/tracing.go:26.59,34.2 1 1
github.com/Zura16/Reusable-Go-Services/observability/tracing.go:37.100,39.27 2 1
github.com/Zura16/Reusable-Go-Services/observability/tracing.go:39.27,41.3 1 1
github.com/Zura16/Reusable-Go-Services/observability/tracing.go:44.2,58.16 3 1
github.com/Zura16/Reusable-Go-Services/observability/tracing.go:58.16,60.3 1 0
github.com/Zura16/Reusable-Go-Services/observability/tracing.go:62.2,65.26 3 1
github.com/Zura16/Reusable-Go-Services/observability/tracing.go:65.26,67.3 1 0
github.com/Zura16/Reusable-Go-Services/observability/tracing.go:67.8,69.3 1 1
github.com/Zura16/Reusable-Go-Services/observability/tracing.go:71.2,71.22 1 1
github.com/Zura16/Reusable-Go-Services/observability/tracing.go:71.22,73.17 2 0
github.com/Zura16/Reusable-Go-Services/observability/tracing.go:73.17,75.4 1 0
github.com/Zura16/Reusable-Go-Services/observability/tracing.go:76.3,76.70 1 0
github.com/Zura16/Reusable-Go-Services/observability/tracing.go:79.2,82.16 3 1
github.com/Zura16/Reusable-Go-Services/observability/tracing.go:86.77,87.15 1 1
github.com/Zura16/Reusable-Go-Services/observability/tracing.go:87.15,89.3 1 0
github.com/Zura16/Reusable-Go-Services/observability/tracing.go:90.2,90.25 1 1
github.com/Zura16/Reusable-Go-Services/observability/tracing.go:94.77,95.19 1 1
github.com/Zura16/Reusable-Go-Services/observability/tracing.go:95.19,97.3 1 0
github.com/Zura16/Reusable-Go-Services/observability/tracing.go:98.2,99.35 2 1
github.com/Zura16/Reusable-Go-Services/observability/tracing.go:99.35,101.3 1 1
github.com/Zura16/Reusable-Go-Services/observability/tracing.go:102.2,105.3 1 0
github.com/Zura16/Reusable-Go-Services/grpcserver/interceptors.go:21.79,22.137 1 8
github.com/Zura16/Reusable-Go-Services/grpcserver/interceptors.go:22.137,23.16 1 7
github.com/Zura16/Reusable-Go-Services/grpcserver/interceptors.go:23.16,24.32 1 7
github.com/Zura16/Reusable-Go-Services/grpcserver/interceptors.go:24.32,31.5 2 1
github.com/Zura16/Reusable-Go-Services/grpcserver/interceptors.go:33.3,33.27 1 7
github.com/Zura16/Reusable-Go-Services/grpcserver/interceptors.go:38.78,39.128 1 8
github.com/Zura16/Reusable-Go-Services/grpcserver/interceptors.go:39.128,54.3 6 7
github.com/Zura16/Reusable-Go-Services/grpcserver/interceptors.go:58.84,59.128 1 0
github.com/Zura16/Reusable-Go-Services/grpcserver/interceptors.go:59.128,66.15 4 0
github.com/Zura16/Reusable-Go-Services/grpcserver/interceptors.go:66.15,67.34 1 0
github.com/Zura16/Reusable-Go-Services/grpcserver/interceptors.go:67.34,69.5 1 0
github.com/Zura16/Reusable-Go-Services/grpcserver/interceptors.go:70.4,70.36 1 0
github.com/Zura16/Reusable-Go-Services/grpcserver/interceptors.go:70.36,72.5 1 0
github.com/Zura16/Reusable-Go-Services/grpcserver/interceptors.go:75.3,75.19 1 0
github.com/Zura16/Reusable-Go-Services/grpcserver/interceptors.go:80.78,81.128 1 8
github.com/Zura16/Reusable-Go-Services/grpcserver/interceptors.go:81.128,83.127 1 7
github.com/Zura16/Reusable-Go-Services/grpcserver/interceptors.go:83.127,85.4 1 0
github.com/Zura16/Reusable-Go-Services/grpcserver/interceptors.go:87.3,87.15 1 7
github.com/Zura16/Reusable-Go-Services/grpcserver/interceptors.go:87.15,89.4 1 0
github.com/Zura16/Reusable-Go-Services/grpcserver/interceptors.go:91.3,92.10 2 7
github.com/Zura16/Reusable-Go-Services/grpcserver/interceptors.go:92.10,94.4 1 0
github.com/Zura16/Reusable-Go-Services/grpcserver/interceptors.go:96.3,97.23 2 7
github.com/Zura16/Reusable-Go-Services/grpcserver/interceptors.go:97.23,99.4 1 1
github.com/Zura16/Reusable-Go-Services/grpcserver/interceptors.go:101.3,102.17 2 6
github.com/Zura16/Reusable-Go-Services/grpcserver/interceptors.go:102.17,104.4 1 0
github.com/Zura16/Reusable-Go-Services/grpcserver/interceptors.go:106.3,107.17 2 6
github.com/Zura16/Reusable-Go-Services/grpcserver/interceptors.go:107.17,109.4 1 1
github.com/Zura16/Reusable-Go-Services/grpcserver/interceptors.go:111.3,112.27 2 5
github.com/Zura16/Reusable-Go-Services/grpcserver/interceptors.go:117.80,118.116 1 8
github.com/Zura16/Reusable-Go-Services/grpcserver/interceptors.go:118.116,119.127 1 0
github.com/Zura16/Reusable-Go-Services/grpcserver/interceptors.go:119.127,121.4 1 0
github.com/Zura16/Reusable-Go-Services/grpcserver/interceptors.go:123.3,123.15 1 0
github.com/Zura16/Reusable-Go-Services/grpcserver/interceptors.go:123.15,125.4 1 0
github.com/Zura16/Reusable-Go-Services/grpcserver/interceptors.go:127.3,129.10 3 0
github.com/Zura16/Reusable-Go-Services/grpcserver/interceptors.go:129.10,131.4 1 0
github.com/Zura16/Reusable-Go-Services/grpcserver/interceptors.go:133.3,134.23 2 0
github.com/Zura16/Reusable-Go-Services/grpcserver/interceptors.go:134.23,136.4 1 0
github.com/Zura16/Reusable-Go-Services/grpcserver/interceptors.go:138.3,139.17 2 0
github.com/Zura16/Reusable-Go-Services/grpcserver/interceptors.go:139.17,141.4 1 0
github.com/Zura16/Reusable-Go-Services/grpcserver/interceptors.go:143.3,144.17 2 0
github.com/Zura16/Reusable-Go-Services/grpcserver/interceptors.go:144.17,146.4 1 0
github.com/Zura16/Reusable-Go-Services/grpcserver/interceptors.go:148.3,150.37 3 0
github.com/Zura16/Reusable-Go-Services/grpcserver/interceptors.go:159.57,161.2 1 0
github.com/Zura16/Reusable-Go-Services/grpcserver/profile_service.go:22.40,37.2 1 7
github.com/Zura16/Reusable-Go-Services/grpcserver/profile_service.go:40.130,41.34 1 4
github.com/Zura16/Reusable-Go-Services/grpcserver/profile_service.go:41.34,42.30 1 0
github.com/Zura16/Reusable-Go-Services/grpcserver/profile_service.go:42.30,44.4 1 0
github.com/Zura16/Reusable-Go-Services/grpcserver/profile_service.go:45.3,45.38 1 0
github.com/Zura16/Reusable-Go-Services/grpcserver/profile_service.go:45.38,47.4 1 0
github.com/Zura16/Reusable-Go-Services/grpcserver/profile_service.go:48.3,48.60 1 0
github.com/Zura16/Reusable-Go-Services/grpcserver/profile_service.go:51.2,51.22 1 4
github.com/Zura16/Reusable-Go-Services/grpcserver/profile_service.go:51.22,53.3 1 1
github.com/Zura16/Reusable-Go-Services/grpcserver/profile_service.go:55.2,59.9 4 3
github.com/Zura16/Reusable-Go-Services/grpcserver/profile_service.go:59.9,61.3 1 1
github.com/Zura16/Reusable-Go-Services/grpcserver/profile_service.go:63.2,63.21 1 2
github.com/Zura16/Reusable-Go-Services/grpcserver/server.go:31.30,32.31 1 0
github.com/Zura16/Reusable-Go-Services/grpcserver/server.go:32.31,34.3 1 0
github.com/Zura16/Reusable-Go-Services/grpcserver/server.go:38.42,39.31 1 8
github.com/Zura16/Reusable-Go-Services/grpcserver/server.go:39.31,41.3 1 8
github.com/Zura16/Reusable-Go-Services/grpcserver/server.go:45.54,46.31 1 0
github.com/Zura16/Reusable-Go-Services/grpcserver/server.go:46.31,49.3 2 0
github.com/Zura16/Reusable-Go-Services/grpcserver/server.go:61.145,62.19 1 8
github.com/Zura16/Reusable-Go-Services/grpcserver/server.go:62.19,64.3 1 0
github.com/Zura16/Reusable-Go-Services/grpcserver/server.go:66.2,71.27 2 8
github.com/Zura16/Reusable-Go-Services/grpcserver/server.go:71.27,73.3 1 8
github.com/Zura16/Reusable-Go-Services/grpcserver/server.go:75.2,81.20 2 8
github.com/Zura16/Reusable-Go-Services/grpcserver/server.go:81.20,83.3 1 0
github.com/Zura16/Reusable-Go-Services/grpcserver/server.go:85.2,85.22 1 8
github.com/Zura16/Reusable-Go-Services/grpcserver/server.go:85.22,87.3 1 8
github.com/Zura16/Reusable-Go-Services/grpcserver/server.go:89.2,93.22 2 8
github.com/Zura16/Reusable-Go-Services/grpcserver/server.go:93.22,95.3 1 8
github.com/Zura16/Reusable-Go-Services/grpcserver/server.go:97.2,111.26 6 8
github.com/Zura16/Reusable-Go-Services/grpcserver/server.go:111.26,113.3 1 0
github.com/Zura16/Reusable-Go-Services/grpcserver/server.go:115.2,116.24 2 8
github.com/Zura16/Reusable-Go-Services/grpcserver/server.go:116.24,118.3 1 8
github.com/Zura16/Reusable-Go-Services/grpcserver/server.go:118.8,122.17 4 0
github.com/Zura16/Reusable-Go-Services/grpcserver/server.go:122.17,124.4 1 0
github.com/Zura16/Reusable-Go-Services/grpcserver/server.go:127.2,132.8 1 8
github.com/Zura16/Reusable-Go-Services/grpcserver/server.go:136.40,138.2 1 8
github.com/Zura16/Reusable-Go-Services/grpcserver/server.go:141.42,143.2 1 0
github.com/Zura16/Reusable-Go-Services/grpcserver/server.go:146.32,149.2 2 8
github.com/Zura16/Reusable-Go-Services/grpcserver/server.go:152.33,154.27 2 1
github.com/Zura16/Reusable-Go-Services/grpcserver/server.go:154.27,156.3 1 1
github.com/Zura16/Reusable-Go-Services/grpcserver/server.go:157.2,157.25 1 1
github.com/Zura16/Reusable-Go-Services/grpcserver/server.go:161.25,164.2 2 0
github.com/Zura16/Reusable-Go-Services/httpclient/client.go:29.34,53.27 3 5
github.com/Zura16/Reusable-Go-Services/httpclient/client.go:53.27,55.3 1 3
github.com/Zura16/Reusable-Go-Services/httpclient/client.go:57.2,57.10 1 5
github.com/Zura16/Reusable-Go-Services/httpclient/client.go:61.42,62.25 1 0
github.com/Zura16/Reusable-Go-Services/httpclient/client.go:62.25,64.3 1 0
github.com/Zura16/Reusable-Go-Services/httpclient/client.go:68.49,69.25 1 0
github.com/Zura16/Reusable-Go-Services/httpclient/client.go:69.25,71.3 1 0
github.com/Zura16/Reusable-Go-Services/httpclient/client.go:75.39,76.25 1 0
github.com/Zura16/Reusable-Go-Services/httpclient/client.go:76.25,77.15 1 0
github.com/Zura16/Reusable-Go-Services/httpclient/client.go:77.15,79.4 1 0
github.com/Zura16/Reusable-Go-Services/httpclient/client.go:84.37,85.25 1 3
github.com/Zura16/Reusable-Go-Services/httpclient/client.go:85.25,87.3 1 3
github.com/Zura16/Reusable-Go-Services/httpclient/client.go:91.41,92.80 1 0
github.com/Zura16/Reusable-Go-Services/httpclient/client.go:92.80,94.3 1 0
github.com/Zura16/Reusable-Go-Services/httpclient/client.go:98.79,100.16 2 1
github.com/Zura16/Reusable-Go-Services/httpclient/client.go:100.16,102.3 1 0
github.com/Zura16/Reusable-Go-Services/httpclient/client.go:103.2,103.23 1 1
github.com/Zura16/Reusable-Go-Services/httpclient/client.go:107.85,108.16 1 4
github.com/Zura16/Reusable-Go-Services/httpclient/client.go:108.16,110.3 1 0
github.com/Zura16/Reusable-Go-Services/httpclient/client.go:112.2,113.22 2 4
github.com/Zura16/Reusable-Go-Services/httpclient/client.go:113.22,115.3 1 0
github.com/Zura16/Reusable-Go-Services/httpclient/client.go:117.2,118.64 2 4
github.com/Zura16/Reusable-Go-Services/httpclient/client.go:118.64,121.22 3 4
github.com/Zura16/Reusable-Go-Services/httpclient/client.go:121.22,127.4 2 1
github.com/Zura16/Reusable-Go-Services/httpclient/client.go:129.3,130.21 2 3
github.com/Zura16/Reusable-Go-Services/httpclient/client.go:130.21,137.4 1 0
github.com/Zura16/Reusable-Go-Services/httpclient/client.go:137.9,137.49 1 3
github.com/Zura16/Reusable-Go-Services/httpclient/client.go:137.49,144.4 1 1
github.com/Zura16/Reusable-Go-Services/httpclient/client.go:145.3,145.22 1 3
github.com/Zura16/Reusable-Go-Services/httpclient/client.go:148.2,148.18 1 4
github.com/Zura16/Reusable-Go-Services/httpclient/client.go:151.64,153.48 2 4
github.com/Zura16/Reusable-Go-Services/httpclient/client.go:153.48,155.3 1 1
github.com/Zura16/Reusable-Go-Services/httpclient/client.go:157.2,157.24 1 3
github.com/Zura16/Reusable-Go-Services/httpclient/client.go:157.24,159.3 1 1
github.com/Zura16/Reusable-Go-Services/httpclient/client.go:161.2,162.16 2 2
github.com/Zura16/Reusable-Go-Services/httpclient/client.go:162.16,164.3 1 0
github.com/Zura16/Reusable-Go-Services/httpclient/client.go:166.2,167.20 2 2
github.com/Zura16/Reusable-Go-Services/httpclient/retry.go:25.32,33.2 1 6
github.com/Zura16/Reusable-Go-Services/httpclient/retry.go:36.36,37.43 1 4
github.com/Zura16/Reusable-Go-Services/httpclient/retry.go:37.43,39.3 1 1
github.com/Zura16/Reusable-Go-Services/httpclient/retry.go:40.2,40.22 1 3
github.com/Zura16/Reusable-Go-Services/httpclient/retry.go:40.22,42.3 1 0
github.com/Zura16/Reusable-Go-Services/httpclient/retry.go:43.2,43.49 1 3
github.com/Zura16/Reusable-Go-Services/httpclient/retry.go:43.49,45.3 1 0
github.com/Zura16/Reusable-Go-Services/httpclient/retry.go:46.2,46.36 1 3
github.com/Zura16/Reusable-Go-Services/httpclient/retry.go:46.36,48.3 1 0
github.com/Zura16/Reusable-Go-Services/httpclient/retry.go:49.2,49.12 1 3
github.com/Zura16/Reusable-Go-Services/httpclient/retry.go:53.117,54.37 1 4
github.com/Zura16/Reusable-Go-Services/httpclient/retry.go:54.37,56.3 1 1
github.com/Zura16/Reusable-Go-Services/httpclient/retry.go:58.2,61.55 3 3
github.com/Zura16/Reusable-Go-Services/httpclient/retry.go:61.55,64.40 2 4
github.com/Zura16/Reusable-Go-Services/httpclient/retry.go:64.40,66.4 1 3
github.com/Zura16/Reusable-Go-Services/httpclient/retry.go:67.3,67.30 1 1
github.com/Zura16/Reusable-Go-Services/httpclient/retry.go:67.30,68.9 1 0
github.com/Zura16/Reusable-Go-Services/httpclient/retry.go:72.3,72.38 1 1
github.com/Zura16/Reusable-Go-Services/httpclient/retry.go:72.38,75.4 2 1
github.com/Zura16/Reusable-Go-Services/httpclient/retry.go:77.3,79.10 2 1
github.com/Zura16/Reusable-Go-Services/httpclient/retry.go:80.21,81.25 1 0
github.com/Zura16/Reusable-Go-Services/httpclient/retry.go:82.28,82.28 0 1
github.com/Zura16/Reusable-Go-Services/httpclient/retry.go:86.2,86.18 1 0
github.com/Zura16/Reusable-Go-Services/httpclient/retry.go:89.52,90.16 1 4
github.com/Zura16/Reusable-Go-Services/httpclient/retry.go:91.94,92.14 1 4
github.com/Zura16/Reusable-Go-Services/httpclient/retry.go:93.10,94.23 1 0
github.com/Zura16/Reusable-Go-Services/httpclient/retry.go:98.83,99.29 1 4
github.com/Zura16/Reusable-Go-Services/httpclient/retry.go:99.29,101.3 1 0
github.com/Zura16/Reusable-Go-Services/httpclient/retry.go:103.2,103.16 1 4
github.com/Zura16/Reusable-Go-Services/httpclient/retry.go:103.16,106.3 2 1
github.com/Zura16/Reusable-Go-Services/httpclient/retry.go:108.2,108.17 1 3
github.com/Zura16/Reusable-Go-Services/httpclient/retry.go:108.17,109.26 1 3
github.com/Zura16/Reusable-Go-Services/httpclient/retry.go:110.116,111.15 1 1
github.com/Zura16/Reusable-Go-Services/httpclient/retry.go:112.11,113.16 1 2
github.com/Zura16/Reusable-Go-Services/httpclient/retry.go:117.2,117.14 1 0
github.com/Zura16/Reusable-Go-Services/httpclient/retry.go:120.103,123.66 2 3
github.com/Zura16/Reusable-Go-Services/httpclient/retry.go:123.66,125.26 2 2
github.com/Zura16/Reusable-Go-Services/httpclient/retry.go:125.26,126.71 1 2
github.com/Zura16/Reusable-Go-Services/httpclient/retry.go:126.71,128.5 1 1
github.com/Zura16/Reusable-Go-Services/httpclient/retry.go:128.10,128.66 1 1
github.com/Zura16/Reusable-Go-Services/httpclient/retry.go:128.66,129.34 1 1
github.com/Zura16/Reusable-Go-Services/httpclient/retry.go:129.34,131.6 1 1
github.com/Zura16/Reusable-Go-Services/httpclient/retry.go:136.2,136.21 1 3
github.com/Zura16/Reusable-Go-Services/httpclient/retry.go:136.21,139.34 2 1
github.com/Zura16/Reusable-Go-Services/httpclient/retry.go:139.34,141.4 1 0
github.com/Zura16/Reusable-Go-Services/httpclient/retry.go:144.3,146.45 3 1
github.com/Zura16/Reusable-Go-Services/httpclient/retry.go:150.2,150.29 1 3
github.com/Zura16/Reusable-Go-Services/httpclient/retry.go:150.29,152.3 1 0
github.com/Zura16/Reusable-Go-Services/httpclient/retry.go:153.2,153.20 1 3
github.com/Zura16/Reusable-Go-Services/httpclient/retry.go:153.20,155.3 1 0
github.com/Zura16/Reusable-Go-Services/httpclient/retry.go:158.2,158.40 1 3
github.com/Zura16/Reusable-Go-Services/httpclient/retry.go:158.40,159.81 1 0
github.com/Zura16/Reusable-Go-Services/httpclient/retry.go:159.81,161.4 1 0
github.com/Zura16/Reusable-Go-Services/httpclient/retry.go:164.2,164.19 1 3
