mode: atomic
github.com/Zura16/Reusable-Go-Services/config/config.go:34.33,37.2 1 1
github.com/Zura16/Reusable-Go-Services/config/config.go:41.29,50.48 2 11
github.com/Zura16/Reusable-Go-Services/config/config.go:50.48,52.17 2 4
github.com/Zura16/Reusable-Go-Services/config/config.go:52.17,54.4 1 1
github.com/Zura16/Reusable-Go-Services/config/config.go:55.3,55.15 1 3
github.com/Zura16/Reusable-Go-Services/config/config.go:58.2,58.53 1 10
github.com/Zura16/Reusable-Go-Services/config/config.go:58.53,60.17 2 2
github.com/Zura16/Reusable-Go-Services/config/config.go:60.17,62.4 1 0
github.com/Zura16/Reusable-Go-Services/config/config.go:63.3,63.19 1 2
github.com/Zura16/Reusable-Go-Services/config/config.go:66.2,66.56 1 10
github.com/Zura16/Reusable-Go-Services/config/config.go:66.56,68.17 2 2
github.com/Zura16/Reusable-Go-Services/config/config.go:68.17,70.4 1 0
github.com/Zura16/Reusable-Go-Services/config/config.go:71.3,71.22 1 2
github.com/Zura16/Reusable-Go-Services/config/config.go:74.2,74.62 1 10
github.com/Zura16/Reusable-Go-Services/config/config.go:74.62,76.17 2 3
github.com/Zura16/Reusable-Go-Services/config/config.go:76.17,78.4 1 1
github.com/Zura16/Reusable-Go-Services/config/config.go:79.3,79.26 1 2
github.com/Zura16/Reusable-Go-Services/config/config.go:82.2,82.55 1 9
github.com/Zura16/Reusable-Go-Services/config/config.go:82.55,84.3 1 2
github.com/Zura16/Reusable-Go-Services/config/config.go:86.2,86.56 1 9
github.com/Zura16/Reusable-Go-Services/config/config.go:86.56,88.3 1 1
github.com/Zura16/Reusable-Go-Services/config/config.go:90.2,90.60 1 9
github.com/Zura16/Reusable-Go-Services/config/config.go:90.60,92.17 2 0
github.com/Zura16/Reusable-Go-Services/config/config.go:92.17,94.4 1 0
github.com/Zura16/Reusable-Go-Services/config/config.go:95.3,95.24 1 0
github.com/Zura16/Reusable-Go-Services/config/config.go:99.2,99.34 1 9
github.com/Zura16/Reusable-Go-Services/config/config.go:99.34,101.3 1 2
github.com/Zura16/Reusable-Go-Services/config/config.go:102.2,102.42 1 7
github.com/Zura16/Reusable-Go-Services/config/config.go:102.42,104.3 1 1
github.com/Zura16/Reusable-Go-Services/config/config.go:105.2,105.48 1 6
github.com/Zura16/Reusable-Go-Services/config/config.go:105.48,107.3 1 1
github.com/Zura16/Reusable-Go-Services/config/config.go:109.2,109.28 1 5
github.com/Zura16/Reusable-Go-Services/config/config.go:109.28,111.3 1 1
github.com/Zura16/Reusable-Go-Services/config/config.go:113.2,113.20 1 4
github.com/Zura16/Reusable-Go-Services/config/config.go:114.40,114.40 0 3
github.com/Zura16/Reusable-Go-Services/config/config.go:116.10,117.96 1 1
github.com/Zura16/Reusable-Go-Services/config/config.go:120.2,120.15 1 3
github.com/Zura16/Reusable-Go-Services/auth/middleware.go:12.79,13.46 1 1
github.com/Zura16/Reusable-Go-Services/auth/middleware.go:13.46,14.72 1 1
github.com/Zura16/Reusable-Go-Services/auth/middleware.go:14.72,15.24 1 7
github.com/Zura16/Reusable-Go-Services/auth/middleware.go:15.24,18.5 2 0
github.com/Zura16/Reusable-Go-Services/auth/middleware.go:20.4,21.29 2 7
github.com/Zura16/Reusable-Go-Services/auth/middleware.go:21.29,24.5 2 1
github.com/Zura16/Reusable-Go-Services/auth/middleware.go:26.4,27.18 2 6
github.com/Zura16/Reusable-Go-Services/auth/middleware.go:27.18,30.5 2 3
github.com/Zura16/Reusable-Go-Services/auth/middleware.go:32.4,33.18 2 3
github.com/Zura16/Reusable-Go-Services/auth/middleware.go:33.18,37.5 2 1
github.com/Zura16/Reusable-Go-Services/auth/middleware.go:39.4,40.41 2 2
github.com/Zura16/Reusable-Go-Services/auth/middleware.go:48.63,49.46 1 3
github.com/Zura16/Reusable-Go-Services/auth/middleware.go:49.46,50.72 1 3
github.com/Zura16/Reusable-Go-Services/auth/middleware.go:50.72,52.11 2 3
github.com/Zura16/Reusable-Go-Services/auth/middleware.go:52.11,55.5 2 1
github.com/Zura16/Reusable-Go-Services/auth/middleware.go:57.4,58.37 2 2
github.com/Zura16/Reusable-Go-Services/auth/middleware.go:58.37,59.18 1 2
github.com/Zura16/Reusable-Go-Services/auth/middleware.go:59.18,61.11 2 1
github.com/Zura16/Reusable-Go-Services/auth/middleware.go:65.4,65.16 1 2
github.com/Zura16/Reusable-Go-Services/auth/middleware.go:65.16,68.5 2 1
github.com/Zura16/Reusable-Go-Services/auth/middleware.go:70.4,70.24 1 1
github.com/Zura16/Reusable-Go-Services/auth/validator.go:34.80,43.2 2 3
github.com/Zura16/Reusable-Go-Services/auth/validator.go:48.89,52.63 3 10
github.com/Zura16/Reusable-Go-Services/auth/validator.go:52.63,53.62 1 6
github.com/Zura16/Reusable-Go-Services/auth/validator.go:53.62,59.4 2 5
github.com/Zura16/Reusable-Go-Services/auth/validator.go:62.2,62.39 1 5
github.com/Zura16/Reusable-Go-Services/auth/validator.go:72.87,73.18 1 2
github.com/Zura16/Reusable-Go-Services/auth/validator.go:73.18,75.3 1 1
github.com/Zura16/Reusable-Go-Services/auth/validator.go:76.2,80.8 2 1
github.com/Zura16/Reusable-Go-Services/auth/validator.go:85.49,87.18 2 14
github.com/Zura16/Reusable-Go-Services/auth/validator.go:87.18,89.3 1 1
github.com/Zura16/Reusable-Go-Services/auth/validator.go:91.2,92.63 2 13
github.com/Zura16/Reusable-Go-Services/auth/validator.go:92.63,94.3 1 6
github.com/Zura16/Reusable-Go-Services/auth/validator.go:96.2,96.20 1 7
github.com/Zura16/Reusable-Go-Services/auth/validator.go:96.20,98.3 1 0
github.com/Zura16/Reusable-Go-Services/auth/validator.go:100.2,100.22 1 7
github.com/Zura16/Reusable-Go-Services/auth/validator.go:109.82,111.2 1 4
github.com/Zura16/Reusable-Go-Services/auth/validator.go:114.64,117.2 2 5
github.com/Zura16/Reusable-Go-Services/httpserver/middleware.go:27.55,28.52 1 9
github.com/Zura16/Reusable-Go-Services/httpserver/middleware.go:28.52,30.3 1 9
github.com/Zura16/Reusable-Go-Services/httpserver/middleware.go:31.2,31.11 1 0
github.com/Zura16/Reusable-Go-Services/httpserver/middleware.go:41.49,42.20 1 10
github.com/Zura16/Reusable-Go-Services/httpserver/middleware.go:42.20,44.3 1 0
github.com/Zura16/Reusable-Go-Services/httpserver/middleware.go:45.2,47.37 3 10
github.com/Zura16/Reusable-Go-Services/httpserver/middleware.go:50.56,51.21 1 12
github.com/Zura16/Reusable-Go-Services/httpserver/middleware.go:51.21,53.3 1 1
github.com/Zura16/Reusable-Go-Services/httpserver/middleware.go:54.2,54.35 1 12
github.com/Zura16/Reusable-Go-Services/httpserver/middleware.go:57.35,58.51 1 0
github.com/Zura16/Reusable-Go-Services/httpserver/middleware.go:58.51,60.3 1 0
github.com/Zura16/Reusable-Go-Services/httpserver/middleware.go:63.73,64.52 1 0
github.com/Zura16/Reusable-Go-Services/httpserver/middleware.go:64.52,66.3 1 0
github.com/Zura16/Reusable-Go-Services/httpserver/middleware.go:67.2,67.100 1 0
github.com/Zura16/Reusable-Go-Services/httpserver/middleware.go:71.67,72.46 1 5
github.com/Zura16/Reusable-Go-Services/httpserver/middleware.go:72.46,73.72 1 5
github.com/Zura16/Reusable-Go-Services/httpserver/middleware.go:73.72,74.17 1 7
github.com/Zura16/Reusable-Go-Services/httpserver/middleware.go:74.17,75.37 1 7
github.com/Zura16/Reusable-Go-Services/httpserver/middleware.go:75.37,81.6 2 1
github.com/Zura16/Reusable-Go-Services/httpserver/middleware.go:83.4,83.24 1 7
github.com/Zura16/Reusable-Go-Services/httpserver/middleware.go:89.50,90.46 1 6
github.com/Zura16/Reusable-Go-Services/httpserver/middleware.go:90.46,91.72 1 6
github.com/Zura16/Reusable-Go-Services/httpserver/middleware.go:91.72,93.16 2 9
github.com/Zura16/Reusable-Go-Services/httpserver/middleware.go:93.16,95.5 1 8
github.com/Zura16/Reusable-Go-Services/httpserver/middleware.go:96.4,98.41 3 9
github.com/Zura16/Reusable-Go-Services/httpserver/middleware.go:103.42,105.30 2 9
github.com/Zura16/Reusable-Go-Services/httpserver/middleware.go:105.30,107.3 1 8
github.com/Zura16/Reusable-Go-Services/httpserver/middleware.go:108.2,108.24 1 1
github.com/Zura16/Reusable-Go-Services/httpserver/middleware.go:108.24,109.26 1 21
github.com/Zura16/Reusable-Go-Services/httpserver/middleware.go:109.26,111.4 1 0
github.com/Zura16/Reusable-Go-Services/httpserver/middleware.go:113.2,113.11 1 1
github.com/Zura16/Reusable-Go-Services/httpserver/middleware.go:118.66,119.46 1 5
github.com/Zura16/Reusable-Go-Services/httpserver/middleware.go:119.46,120.72 1 5
github.com/Zura16/Reusable-Go-Services/httpserver/middleware.go:120.72,124.17 3 7
github.com/Zura16/Reusable-Go-Services/httpserver/middleware.go:124.17,130.20 5 7
github.com/Zura16/Reusable-Go-Services/httpserver/middleware.go:130.20,132.6 1 0
github.com/Zura16/Reusable-Go-Services/httpserver/middleware.go:134.5,142.6 1 7
github.com/Zura16/Reusable-Go-Services/httpserver/middleware.go:145.4,145.25 1 7
github.com/Zura16/Reusable-Go-Services/httpserver/middleware.go:151.72,152.46 1 2
github.com/Zura16/Reusable-Go-Services/httpserver/middleware.go:152.46,153.72 1 2
github.com/Zura16/Reusable-Go-Services/httpserver/middleware.go:153.72,157.17 3 3
github.com/Zura16/Reusable-Go-Services/httpserver/middleware.go:157.17,158.17 1 3
github.com/Zura16/Reusable-Go-Services/httpserver/middleware.go:158.17,160.21 2 3
github.com/Zura16/Reusable-Go-Services/httpserver/middleware.go:160.21,162.7 1 0
github.com/Zura16/Reusable-Go-Services/httpserver/middleware.go:163.6,166.36 3 3
github.com/Zura16/Reusable-Go-Services/httpserver/middleware.go:166.36,168.7 1 3
github.com/Zura16/Reusable-Go-Services/httpserver/middleware.go:169.6,169.38 1 3
github.com/Zura16/Reusable-Go-Services/httpserver/middleware.go:169.38,171.7 1 3
github.com/Zura16/Reusable-Go-Services/httpserver/middleware.go:175.4,175.25 1 3
github.com/Zura16/Reusable-Go-Services/httpserver/middleware.go:181.63,182.46 1 6
github.com/Zura16/Reusable-Go-Services/httpserver/middleware.go:182.46,183.72 1 6
github.com/Zura16/Reusable-Go-Services/httpserver/middleware.go:183.72,184.34 1 8
github.com/Zura16/Reusable-Go-Services/httpserver/middleware.go:184.34,186.5 1 8
github.com/Zura16/Reusable-Go-Services/httpserver/middleware.go:187.4,187.24 1 8
github.com/Zura16/Reusable-Go-Services/httpserver/server.go:41.51,42.25 1 2
github.com/Zura16/Reusable-Go-Services/httpserver/server.go:42.25,44.3 1 2
github.com/Zura16/Reusable-Go-Services/httpserver/server.go:48.44,49.25 1 1
github.com/Zura16/Reusable-Go-Services/httpserver/server.go:49.25,51.3 1 1
github.com/Zura16/Reusable-Go-Services/httpserver/server.go:55.38,56.25 1 0
github.com/Zura16/Reusable-Go-Services/httpserver/server.go:56.25,58.3 1 0
github.com/Zura16/Reusable-Go-Services/httpserver/server.go:62.35,63.25 1 0
github.com/Zura16/Reusable-Go-Services/httpserver/server.go:63.25,65.3 1 0
github.com/Zura16/Reusable-Go-Services/httpserver/server.go:69.52,70.25 1 0
github.com/Zura16/Reusable-Go-Services/httpserver/server.go:70.25,72.3 1 0
github.com/Zura16/Reusable-Go-Services/httpserver/server.go:76.39,77.25 1 0
github.com/Zura16/Reusable-Go-Services/httpserver/server.go:77.25,79.3 1 0
github.com/Zura16/Reusable-Go-Services/httpserver/server.go:83.67,84.25 1 0
github.com/Zura16/Reusable-Go-Services/httpserver/server.go:84.25,86.3 1 0
github.com/Zura16/Reusable-Go-Services/httpserver/server.go:90.82,91.19 1 5
github.com/Zura16/Reusable-Go-Services/httpserver/server.go:91.19,93.3 1 0
github.com/Zura16/Reusable-Go-Services/httpserver/server.go:95.2,104.56 2 5
github.com/Zura16/Reusable-Go-Services/httpserver/server.go:104.56,106.3 1 0
github.com/Zura16/Reusable-Go-Services/httpserver/server.go:108.2,108.27 1 5
github.com/Zura16/Reusable-Go-Services/httpserver/server.go:108.27,110.3 1 3
github.com/Zura16/Reusable-Go-Services/httpserver/server.go:113.2,113.76 1 5
github.com/Zura16/Reusable-Go-Services/httpserver/server.go:113.76,116.3 2 3
github.com/Zura16/Reusable-Go-Services/httpserver/server.go:118.2,118.75 1 5
github.com/Zura16/Reusable-Go-Services/httpserver/server.go:118.75,119.45 1 2
github.com/Zura16/Reusable-Go-Services/httpserver/server.go:119.45,123.4 3 1
github.com/Zura16/Reusable-Go-Services/httpserver/server.go:124.3,125.34 2 1
github.com/Zura16/Reusable-Go-Services/httpserver/server.go:129.2,129.25 1 5
github.com/Zura16/Reusable-Go-Services/httpserver/server.go:129.25,131.3 1 5
github.com/Zura16/Reusable-Go-Services/httpserver/server.go:131.8,140.3 3 0
github.com/Zura16/Reusable-Go-Services/httpserver/server.go:144.2,147.22 4 5
github.com/Zura16/Reusable-Go-Services/httpserver/server.go:147.22,149.3 1 2
github.com/Zura16/Reusable-Go-Services/httpserver/server.go:150.2,156.41 5 5
github.com/Zura16/Reusable-Go-Services/httpserver/server.go:156.41,158.3 1 22
github.com/Zura16/Reusable-Go-Services/httpserver/server.go:159.2,171.15 3 5
github.com/Zura16/Reusable-Go-Services/httpserver/server.go:175.41,177.2 1 7
github.com/Zura16/Reusable-Go-Services/httpserver/server.go:181.41,183.16 2 0
github.com/Zura16/Reusable-Go-Services/httpserver/server.go:183.16,185.3 1 0
github.com/Zura16/Reusable-Go-Services/httpserver/server.go:186.2,186.15 1 0
github.com/Zura16/Reusable-Go-Services/httpserver/server.go:186.15,186.38 1 0
github.com/Zura16/Reusable-Go-Services/httpserver/server.go:188.2,189.28 2 0
github.com/Zura16/Reusable-Go-Services/httpserver/server.go:189.28,191.17 2 0
github.com/Zura16/Reusable-Go-Services/httpserver/server.go:191.17,193.4 1 0
github.com/Zura16/Reusable-Go-Services/httpserver/server.go:194.3,194.16 1 0
github.com/Zura16/Reusable-Go-Services/httpserver/server.go:194.16,194.42 1 0
github.com/Zura16/Reusable-Go-Services/httpserver/server.go:197.2,199.23 2 0
github.com/Zura16/Reusable-Go-Services/httpserver/server.go:199.23,200.21 1 0
github.com/Zura16/Reusable-Go-Services/httpserver/server.go:200.21,202.116 2 0
github.com/Zura16/Reusable-Go-Services/httpserver/server.go:202.116,204.5 1 0
github.com/Zura16/Reusable-Go-Services/httpserver/server.go:205.4,205.14 1 0
github.com/Zura16/Reusable-Go-Services/httpserver/server.go:209.2,209.20 1 0
github.com/Zura16/Reusable-Go-Services/httpserver/server.go:209.20,211.109 2 0
github.com/Zura16/Reusable-Go-Services/httpserver/server.go:211.109,213.4 1 0
github.com/Zura16/Reusable-Go-Services/httpserver/server.go:214.3,214.13 1 0
github.com/Zura16/Reusable-Go-Services/httpserver/server.go:217.2,217.17 1 0
github.com/Zura16/Reusable-Go-Services/httpserver/server.go:221.54,225.28 3 0
github.com/Zura16/Reusable-Go-Services/httpserver/server.go:225.28,226.55 1 0
github.com/Zura16/Reusable-Go-Services/httpserver/server.go:226.55,228.4 1 0
github.com/Zura16/Reusable-Go-Services/httpserver/server.go:231.2,231.51 1 0
github.com/Zura16/Reusable-Go-Services/httpserver/server.go:231.51,233.3 1 0
github.com/Zura16/Reusable-Go-Services/httpserver/server.go:235.2,235.29 1 0
github.com/Zura16/Reusable-Go-Services/httpserver/server.go:239.63,241.2 1 0
github.com/Zura16/Reusable-Go-Services/httpserver/server.go:244.71,246.2 1 1
github.com/Zura16/Reusable-Go-Services/observability/logging.go:18.51,22.16 3 2
github.com/Zura16/Reusable-Go-Services/observability/logging.go:22.16,24.3 1 1
github.com/Zura16/Reusable-Go-Services/observability/logging.go:26.2,29.16 3 1
github.com/Zura16/Reusable-Go-Services/observability/logging.go:29.16,31.3 1 0
github.com/Zura16/Reusable-Go-Services/observability/logging.go:33.2,33.20 1 1
github.com/Zura16/Reusable-Go-Services/observability/logging.go:38.80,39.25 1 1
github.com/Zura16/Reusable-Go-Services/observability/logging.go:39.25,41.3 1 1
github.com/Zura16/Reusable-Go-Services/observability/logging.go:43.2,44.30 2 1
github.com/Zura16/Reusable-Go-Services/observability/logging.go:44.30,46.3 1 3
github.com/Zura16/Reusable-Go-Services/observability/logging.go:48.2,49.28 2 1
github.com/Zura16/Reusable-Go-Services/observability/logging.go:49.28,50.39 1 4
github.com/Zura16/Reusable-Go-Services/observability/logging.go:50.39,52.4 1 3
github.com/Zura16/Reusable-Go-Services/observability/logging.go:52.9,54.4 1 1
github.com/Zura16/Reusable-Go-Services/observability/logging.go:57.2,57.17 1 1
github.com/Zura16/Reusable-Go-Services/observability/metrics.go:34.92,35.16 1 3
github.com/Zura16/Reusable-Go-Services/observability/metrics.go:35.16,37.3 1 0
github.com/Zura16/Reusable-Go-Services/observability/metrics.go:39.2,39.21 1 3
github.com/Zura16/Reusable-Go-Services/observability/metrics.go:39.21,40.45 1 0
github.com/Zura16/Reusable-Go-Services/observability/metrics.go:40.45,42.4 1 0
github.com/Zura16/Reusable-Go-Services/observability/metrics.go:42.9,44.4 1 0
github.com/Zura16/Reusable-Go-Services/observability/metrics.go:47.2,82.58 2 3
github.com/Zura16/Reusable-Go-Services/observability/metrics.go:82.58,84.34 2 1
github.com/Zura16/Reusable-Go-Services/observability/metrics.go:84.34,85.81 1 1
github.com/Zura16/Reusable-Go-Services/observability/metrics.go:85.81,87.5 1 1
github.com/Zura16/Reusable-Go-Services/observability/metrics.go:87.10,89.5 1 0
github.com/Zura16/Reusable-Go-Services/observability/metrics.go:90.9,92.4 1 0
github.com/Zura16/Reusable-Go-Services/observability/metrics.go:96.2,96.60 1 3
github.com/Zura16/Reusable-Go-Services/observability/metrics.go:96.60,98.34 2 1
github.com/Zura16/Reusable-Go-Services/observability/metrics.go:98.34,99.83 1 1
github.com/Zura16/Reusable-Go-Services/observability/metrics.go:99.83,101.5 1 1
github.com/Zura16/Reusable-Go-Services/observability/metrics.go:101.10,103.5 1 0
github.com/Zura16/Reusable-Go-Services/observability/metrics.go:104.9,106.4 1 0
github.com/Zura16/Reusable-Go-Services/observability/metrics.go:110.2,110.58 1 3
github.com/Zura16/Reusable-Go-Services/observability/metrics.go:110.58,112.34 2 1
github.com/Zura16/Reusable-Go-Services/observability/metrics.go:112.34,113.81 1 1
github.com/Zura16/Reusable-Go-Services/observability/metrics.go:113.81,115.5 1 1
github.com/Zura16/Reusable-Go-Services/observability/metrics.go:115.10,117.5 1 0
github.com/Zura16/Reusable-Go-Services/observability/metrics.go:118.9,120.4 1 0
github.com/Zura16/Reusable-Go-Services/observability/metrics.go:124.2,124.60 1 3
github.com/Zura16/Reusable-Go-Services/observability/metrics.go:124.60,126.34 2 1
github.com/Zura16/Reusable-Go-Services/observability/metrics.go:126.34,127.83 1 1
github.com/Zura16/Reusable-Go-Services/observability/metrics.go:127.83,129.5 1 1
github.com/Zura16/Reusable-Go-Services/observability/metrics.go:129.10,131.5 1 0
github.com/Zura16/Reusable-Go-Services/observability/metrics.go:132.9,134.4 1 0
github.com/Zura16/Reusable-Go-Services/observability/metrics.go:137.2,137.15 1 3
github.com/Zura16/Reusable-Go-Services/observability/metrics.go:141.50,142.35 1 2
github.com/Zura16/Reusable-Go-Services/observability/metrics.go:142.35,144.3 1 0
github.com/Zura16/Reusable-Go-Services/observability/metrics.go:145.2,145.19 1 2
github.com/Zura16/Reusable-Go-Services/observability/metrics.go:150.50,151.14 1 1
github.com/Zura16/Reusable-Go-Services/observability/metrics.go:151.14,153.3 1 0
github.com/Zura16/Reusable-Go-Services/observability/metrics.go:154.2,154.55 1 1
github.com/Zura16/Reusable-Go-Services/observability/metrics.go:158.35,159.9 1 0
github.com/Zura16/Reusable-Go-Services/observability/metrics.go:160.33,161.15 1 0
github.com/Zura16/Reusable-Go-Services/observability/metrics.go:162.33,163.15 1 0
github.com/Zura16/Reusable-Go-Services/observability/metrics.go:164.33,165.15 1 0
github.com/Zura16/Reusable-Go-Services/observability/metrics.go:166.33,167.15 1 0
github.com/Zura16/Reusable-Go-Services/observability/metrics.go:168.19,169.15 1 0
github.com/Zura16/Reusable-Go-Services/observability/metrics.go:170.10,171.19 1 0
github.com/Zura16/Reusable-Go-Services/observability/tracing.go:26.59,34.2 1 1
github.com/Zura16/Reusable-Go-Services/observability/tracing.go:37.100,39.27 2 1
github.com/Zura16/Reusable-Go-Services/observability/tracing.go:39.27,41.3 1 1
github.com/Zura16/Reusable-Go-Services/observability/tracing.go:44.2,58.16 3 1
github.com/Zura16/Reusable-Go-Services/observability/tracing.go:58.16,60.3 1 0
github.com/Zura16/Reusable-Go-Services/observability/tracing.go:62.2,65.26 3 1
github.com/Zura16/Reusable-Go-Services/observability/tracing.go:65.26,67.3 1 0
github.com/Zura16/Reusable-Go-Services/observability/tracing.go:67.8,69.3 1 1
github.com/Zura16/Reusable-Go-Services/observability/tracing.go:71.2,71.22 1 1
github.com/Zura16/Reusable-Go-Services/observability/tracing.go:71.22,73.17 2 0
github.com/Zura16/Reusable-Go-Services/observability/tracing.go:73.17,75.4 1 0
github.com/Zura16/Reusable-Go-Services/observability/tracing.go:76.3,76.70 1 0
github.com/Zura16/Reusable-Go-Services/observability/tracing.go:79.2,82.16 3 1
github.com/Zura16/Reusable-Go-Services/observability/tracing.go:86.77,87.15 1 1
github.com/Zura16/Reusable-Go-Services/observability/tracing.go:87.15,89.3 1 0
github.com/Zura16/Reusable-Go-Services/observability/tracing.go:90.2,90.25 1 1
github.com/Zura16/Reusable-Go-Services/observability/tracing.go:94.77,95.19 1 1
github.com/Zura16/Reusable-Go-Services/observability/tracing.go:95.19,97.3 1 0
github.com/Zura16/Reusable-Go-Services/observability/tracing.go:98.2,99.35 2 1
github.com/Zura16/Reusable-Go-Services/observability/tracing.go:99.35,101.3 1 1
github.com/Zura16/Reusable-Go-Services/observability/tracing.go:102.2,105.3 1 0
github.com/Zura16/Reusable-Go-Services/httpclient/client.go:28.34,52.27 3 5
github.com/Zura16/Reusable-Go-Services/httpclient/client.go:52.27,54.3 1 3
github.com/Zura16/Reusable-Go-Services/httpclient/client.go:56.2,56.10 1 5
github.com/Zura16/Reusable-Go-Services/httpclient/client.go:60.42,61.25 1 0
github.com/Zura16/Reusable-Go-Services/httpclient/client.go:61.25,63.3 1 0
github.com/Zura16/Reusable-Go-Services/httpclient/client.go:67.49,68.25 1 0
github.com/Zura16/Reusable-Go-Services/httpclient/client.go:68.25,70.3 1 0
github.com/Zura16/Reusable-Go-Services/httpclient/client.go:74.39,75.25 1 0
github.com/Zura16/Reusable-Go-Services/httpclient/client.go:75.25,76.15 1 0
github.com/Zura16/Reusable-Go-Services/httpclient/client.go:76.15,78.4 1 0
github.com/Zura16/Reusable-Go-Services/httpclient/client.go:83.37,84.25 1 3
github.com/Zura16/Reusable-Go-Services/httpclient/client.go:84.25,86.3 1 3
github.com/Zura16/Reusable-Go-Services/httpclient/client.go:90.41,91.80 1 0
github.com/Zura16/Reusable-Go-Services/httpclient/client.go:91.80,93.3 1 0
github.com/Zura16/Reusable-Go-Services/httpclient/client.go:97.79,99.16 2 1
github.com/Zura16/Reusable-Go-Services/httpclient/client.go:99.16,101.3 1 0
github.com/Zura16/Reusable-Go-Services/httpclient/client.go:102.2,102.23 1 1
github.com/Zura16/Reusable-Go-Services/httpclient/client.go:107.85,108.16 1 4
github.com/Zura16/Reusable-Go-Services/httpclient/client.go:108.16,110.3 1 0
github.com/Zura16/Reusable-Go-Services/httpclient/client.go:112.2,113.22 2 4
github.com/Zura16/Reusable-Go-Services/httpclient/client.go:113.22,115.3 1 0
github.com/Zura16/Reusable-Go-Services/httpclient/client.go:118.2,121.70 2 4
github.com/Zura16/Reusable-Go-Services/httpclient/client.go:121.70,123.3 1 1
github.com/Zura16/Reusable-Go-Services/httpclient/client.go:125.2,126.68 2 4
github.com/Zura16/Reusable-Go-Services/httpclient/client.go:126.68,129.22 3 4
github.com/Zura16/Reusable-Go-Services/httpclient/client.go:129.22,135.4 2 0
github.com/Zura16/Reusable-Go-Services/httpclient/client.go:137.3,138.21 2 4
github.com/Zura16/Reusable-Go-Services/httpclient/client.go:138.21,146.4 1 0
github.com/Zura16/Reusable-Go-Services/httpclient/client.go:146.9,146.49 1 4
github.com/Zura16/Reusable-Go-Services/httpclient/client.go:146.49,154.4 1 2
github.com/Zura16/Reusable-Go-Services/httpclient/client.go:155.3,155.22 1 4
github.com/Zura16/Reusable-Go-Services/httpclient/client.go:158.2,158.18 1 4
github.com/Zura16/Reusable-Go-Services/httpclient/client.go:161.86,162.48 1 4
github.com/Zura16/Reusable-Go-Services/httpclient/client.go:162.48,164.3 1 1
github.com/Zura16/Reusable-Go-Services/httpclient/client.go:167.2,167.18 1 3
github.com/Zura16/Reusable-Go-Services/httpclient/client.go:167.18,169.3 1 2
github.com/Zura16/Reusable-Go-Services/httpclient/client.go:172.2,172.24 1 1
github.com/Zura16/Reusable-Go-Services/httpclient/client.go:172.24,174.3 1 0
github.com/Zura16/Reusable-Go-Services/httpclient/client.go:176.2,178.16 3 1
github.com/Zura16/Reusable-Go-Services/httpclient/client.go:178.16,180.3 1 0
github.com/Zura16/Reusable-Go-Services/httpclient/client.go:181.2,182.20 2 1
github.com/Zura16/Reusable-Go-Services/httpclient/retry.go:25.32,33.2 1 6
github.com/Zura16/Reusable-Go-Services/httpclient/retry.go:36.36,37.43 1 4
github.com/Zura16/Reusable-Go-Services/httpclient/retry.go:37.43,39.3 1 1
github.com/Zura16/Reusable-Go-Services/httpclient/retry.go:40.2,40.22 1 3
github.com/Zura16/Reusable-Go-Services/httpclient/retry.go:40.22,42.3 1 0
github.com/Zura16/Reusable-Go-Services/httpclient/retry.go:43.2,43.49 1 3
github.com/Zura16/Reusable-Go-Services/httpclient/retry.go:43.49,45.3 1 0
github.com/Zura16/Reusable-Go-Services/httpclient/retry.go:46.2,46.36 1 3
github.com/Zura16/Reusable-Go-Services/httpclient/retry.go:46.36,48.3 1 0
github.com/Zura16/Reusable-Go-Services/httpclient/retry.go:49.2,49.12 1 3
github.com/Zura16/Reusable-Go-Services/httpclient/retry.go:53.117,54.37 1 4
github.com/Zura16/Reusable-Go-Services/httpclient/retry.go:54.37,56.3 1 1
github.com/Zura16/Reusable-Go-Services/httpclient/retry.go:58.2,61.55 3 3
github.com/Zura16/Reusable-Go-Services/httpclient/retry.go:61.55,64.40 2 4
github.com/Zura16/Reusable-Go-Services/httpclient/retry.go:64.40,66.4 1 2
github.com/Zura16/Reusable-Go-Services/httpclient/retry.go:67.3,67.30 1 2
github.com/Zura16/Reusable-Go-Services/httpclient/retry.go:67.30,68.9 1 1
github.com/Zura16/Reusable-Go-Services/httpclient/retry.go:72.3,72.38 1 1
github.com/Zura16/Reusable-Go-Services/httpclient/retry.go:72.38,75.4 2 1
github.com/Zura16/Reusable-Go-Services/httpclient/retry.go:77.3,79.10 2 1
github.com/Zura16/Reusable-Go-Services/httpclient/retry.go:80.21,81.25 1 0
github.com/Zura16/Reusable-Go-Services/httpclient/retry.go:82.28,82.28 0 1
github.com/Zura16/Reusable-Go-Services/httpclient/retry.go:86.2,86.18 1 1
github.com/Zura16/Reusable-Go-Services/httpclient/retry.go:89.52,90.16 1 4
github.com/Zura16/Reusable-Go-Services/httpclient/retry.go:91.94,92.14 1 4
github.com/Zura16/Reusable-Go-Services/httpclient/retry.go:93.10,94.23 1 0
github.com/Zura16/Reusable-Go-Services/httpclient/retry.go:98.83,99.29 1 4
github.com/Zura16/Reusable-Go-Services/httpclient/retry.go:99.29,101.3 1 0
github.com/Zura16/Reusable-Go-Services/httpclient/retry.go:103.2,103.16 1 4
github.com/Zura16/Reusable-Go-Services/httpclient/retry.go:103.16,106.3 2 0
github.com/Zura16/Reusable-Go-Services/httpclient/retry.go:108.2,108.17 1 4
github.com/Zura16/Reusable-Go-Services/httpclient/retry.go:108.17,109.26 1 4
github.com/Zura16/Reusable-Go-Services/httpclient/retry.go:110.116,111.15 1 2
github.com/Zura16/Reusable-Go-Services/httpclient/retry.go:112.11,113.16 1 2
github.com/Zura16/Reusable-Go-Services/httpclient/retry.go:117.2,117.14 1 0
github.com/Zura16/Reusable-Go-Services/httpclient/retry.go:120.103,123.66 2 3
github.com/Zura16/Reusable-Go-Services/httpclient/retry.go:123.66,125.26 2 2
github.com/Zura16/Reusable-Go-Services/httpclient/retry.go:125.26,126.71 1 2
github.com/Zura16/Reusable-Go-Services/httpclient/retry.go:126.71,128.5 1 1
github.com/Zura16/Reusable-Go-Services/httpclient/retry.go:128.10,128.66 1 1
github.com/Zura16/Reusable-Go-Services/httpclient/retry.go:128.66,129.34 1 1
github.com/Zura16/Reusable-Go-Services/httpclient/retry.go:129.34,131.6 1 1
github.com/Zura16/Reusable-Go-Services/httpclient/retry.go:136.2,136.21 1 3
github.com/Zura16/Reusable-Go-Services/httpclient/retry.go:136.21,139.34 2 1
github.com/Zura16/Reusable-Go-Services/httpclient/retry.go:139.34,141.4 1 0
github.com/Zura16/Reusable-Go-Services/httpclient/retry.go:144.3,146.45 3 1
github.com/Zura16/Reusable-Go-Services/httpclient/retry.go:150.2,150.29 1 3
github.com/Zura16/Reusable-Go-Services/httpclient/retry.go:150.29,152.3 1 0
github.com/Zura16/Reusable-Go-Services/httpclient/retry.go:153.2,153.20 1 3
github.com/Zura16/Reusable-Go-Services/httpclient/retry.go:153.20,155.3 1 0
github.com/Zura16/Reusable-Go-Services/httpclient/retry.go:158.2,158.40 1 3
github.com/Zura16/Reusable-Go-Services/httpclient/retry.go:158.40,159.81 1 0
github.com/Zura16/Reusable-Go-Services/httpclient/retry.go:159.81,161.4 1 0
github.com/Zura16/Reusable-Go-Services/httpclient/retry.go:164.2,164.19 1 3
github.com/Zura16/Reusable-Go-Services/grpcserver/interceptors.go:21.79,22.137 1 10
github.com/Zura16/Reusable-Go-Services/grpcserver/interceptors.go:22.137,23.16 1 7
github.com/Zura16/Reusable-Go-Services/grpcserver/interceptors.go:23.16,24.32 1 7
github.com/Zura16/Reusable-Go-Services/grpcserver/interceptors.go:24.32,31.5 2 1
github.com/Zura16/Reusable-Go-Services/grpcserver/interceptors.go:33.3,33.27 1 7
github.com/Zura16/Reusable-Go-Services/grpcserver/interceptors.go:38.78,39.128 1 10
github.com/Zura16/Reusable-Go-Services/grpcserver/interceptors.go:39.128,54.3 6 7
github.com/Zura16/Reusable-Go-Services/grpcserver/interceptors.go:58.84,59.128 1 1
github.com/Zura16/Reusable-Go-Services/grpcserver/interceptors.go:59.128,66.15 4 1
github.com/Zura16/Reusable-Go-Services/grpcserver/interceptors.go:66.15,67.34 1 1
github.com/Zura16/Reusable-Go-Services/grpcserver/interceptors.go:67.34,69.5 1 1
github.com/Zura16/Reusable-Go-Services/grpcserver/interceptors.go:70.4,70.36 1 1
github.com/Zura16/Reusable-Go-Services/grpcserver/interceptors.go:70.36,72.5 1 1
github.com/Zura16/Reusable-Go-Services/grpcserver/interceptors.go:75.3,75.19 1 1
github.com/Zura16/Reusable-Go-Services/grpcserver/interceptors.go:80.78,81.128 1 9
github.com/Zura16/Reusable-Go-Services/grpcserver/interceptors.go:81.128,83.127 1 7
github.com/Zura16/Reusable-Go-Services/grpcserver/interceptors.go:83.127,85.4 1 0
github.com/Zura16/Reusable-Go-Services/grpcserver/interceptors.go:87.3,87.15 1 7
github.com/Zura16/Reusable-Go-Services/grpcserver/interceptors.go:87.15,89.4 1 0
github.com/Zura16/Reusable-Go-Services/grpcserver/interceptors.go:91.3,92.10 2 7
github.com/Zura16/Reusable-Go-Services/grpcserver/interceptors.go:92.10,94.4 1 0
github.com/Zura16/Reusable-Go-Services/grpcserver/interceptors.go:96.3,97.23 2 7
github.com/Zura16/Reusable-Go-Services/grpcserver/interceptors.go:97.23,99.4 1 1
github.com/Zura16/Reusable-Go-Services/grpcserver/interceptors.go:101.3,102.17 2 6
github.com/Zura16/Reusable-Go-Services/grpcserver/interceptors.go:102.17,104.4 1 0
github.com/Zura16/Reusable-Go-Services/grpcserver/interceptors.go:106.3,107.17 2 6
github.com/Zura16/Reusable-Go-Services/grpcserver/interceptors.go:107.17,109.4 1 1
github.com/Zura16/Reusable-Go-Services/grpcserver/interceptors.go:111.3,112.27 2 5
github.com/Zura16/Reusable-Go-Services/grpcserver/interceptors.go:117.81,118.122 1 10
github.com/Zura16/Reusable-Go-Services/grpcserver/interceptors.go:118.122,119.16 1 1
github.com/Zura16/Reusable-Go-Services/grpcserver/interceptors.go:119.16,120.32 1 1
github.com/Zura16/Reusable-Go-Services/grpcserver/interceptors.go:120.32,127.5 2 0
github.com/Zura16/Reusable-Go-Services/grpcserver/interceptors.go:129.3,129.26 1 1
github.com/Zura16/Reusable-Go-Services/grpcserver/interceptors.go:134.80,135.116 1 10
github.com/Zura16/Reusable-Go-Services/grpcserver/interceptors.go:135.116,148.3 6 1
github.com/Zura16/Reusable-Go-Services/grpcserver/interceptors.go:152.86,153.116 1 1
github.com/Zura16/Reusable-Go-Services/grpcserver/interceptors.go:153.116,158.15 4 0
github.com/Zura16/Reusable-Go-Services/grpcserver/interceptors.go:158.15,159.34 1 0
github.com/Zura16/Reusable-Go-Services/grpcserver/interceptors.go:159.34,161.5 1 0
github.com/Zura16/Reusable-Go-Services/grpcserver/interceptors.go:162.4,162.36 1 0
github.com/Zura16/Reusable-Go-Services/grpcserver/interceptors.go:162.36,164.5 1 0
github.com/Zura16/Reusable-Go-Services/grpcserver/interceptors.go:167.3,167.13 1 0
github.com/Zura16/Reusable-Go-Services/grpcserver/interceptors.go:172.80,173.116 1 9
github.com/Zura16/Reusable-Go-Services/grpcserver/interceptors.go:173.116,174.127 1 1
github.com/Zura16/Reusable-Go-Services/grpcserver/interceptors.go:174.127,176.4 1 0
github.com/Zura16/Reusable-Go-Services/grpcserver/interceptors.go:178.3,178.15 1 1
github.com/Zura16/Reusable-Go-Services/grpcserver/interceptors.go:178.15,180.4 1 0
github.com/Zura16/Reusable-Go-Services/grpcserver/interceptors.go:182.3,184.10 3 1
github.com/Zura16/Reusable-Go-Services/grpcserver/interceptors.go:184.10,186.4 1 0
github.com/Zura16/Reusable-Go-Services/grpcserver/interceptors.go:188.3,189.23 2 1
github.com/Zura16/Reusable-Go-Services/grpcserver/interceptors.go:189.23,191.4 1 0
github.com/Zura16/Reusable-Go-Services/grpcserver/interceptors.go:193.3,194.17 2 1
github.com/Zura16/Reusable-Go-Services/grpcserver/interceptors.go:194.17,196.4 1 0
github.com/Zura16/Reusable-Go-Services/grpcserver/interceptors.go:198.3,199.17 2 1
github.com/Zura16/Reusable-Go-Services/grpcserver/interceptors.go:199.17,201.4 1 0
github.com/Zura16/Reusable-Go-Services/grpcserver/interceptors.go:203.3,205.37 3 1
github.com/Zura16/Reusable-Go-Services/grpcserver/interceptors.go:214.57,216.2 1 0
github.com/Zura16/Reusable-Go-Services/grpcserver/profile_service.go:22.40,37.2 1 8
github.com/Zura16/Reusable-Go-Services/grpcserver/profile_service.go:40.130,41.34 1 4
github.com/Zura16/Reusable-Go-Services/grpcserver/profile_service.go:41.34,42.30 1 0
github.com/Zura16/Reusable-Go-Services/grpcserver/profile_service.go:42.30,44.4 1 0
github.com/Zura16/Reusable-Go-Services/grpcserver/profile_service.go:45.3,45.38 1 0
github.com/Zura16/Reusable-Go-Services/grpcserver/profile_service.go:45.38,47.4 1 0
github.com/Zura16/Reusable-Go-Services/grpcserver/profile_service.go:48.3,48.60 1 0
github.com/Zura16/Reusable-Go-Services/grpcserver/profile_service.go:51.2,51.22 1 4
github.com/Zura16/Reusable-Go-Services/grpcserver/profile_service.go:51.22,53.3 1 1
github.com/Zura16/Reusable-Go-Services/grpcserver/profile_service.go:55.2,59.9 4 3
github.com/Zura16/Reusable-Go-Services/grpcserver/profile_service.go:59.9,61.3 1 1
github.com/Zura16/Reusable-Go-Services/grpcserver/profile_service.go:63.2,63.21 1 2
github.com/Zura16/Reusable-Go-Services/grpcserver/profile_service.go:67.130,71.37 3 1
github.com/Zura16/Reusable-Go-Services/grpcserver/profile_service.go:71.37,72.46 1 2
github.com/Zura16/Reusable-Go-Services/grpcserver/profile_service.go:72.46,74.4 1 0
github.com/Zura16/Reusable-Go-Services/grpcserver/profile_service.go:77.2,77.12 1 1
github.com/Zura16/Reusable-Go-Services/grpcserver/server.go:37.55,38.31 1 0
github.com/Zura16/Reusable-Go-Services/grpcserver/server.go:38.31,40.3 1 0
github.com/Zura16/Reusable-Go-Services/grpcserver/server.go:44.43,45.31 1 1
github.com/Zura16/Reusable-Go-Services/grpcserver/server.go:45.31,47.3 1 1
github.com/Zura16/Reusable-Go-Services/grpcserver/server.go:51.51,52.31 1 0
github.com/Zura16/Reusable-Go-Services/grpcserver/server.go:52.31,54.3 1 0
github.com/Zura16/Reusable-Go-Services/grpcserver/server.go:58.30,59.31 1 0
github.com/Zura16/Reusable-Go-Services/grpcserver/server.go:59.31,61.3 1 0
github.com/Zura16/Reusable-Go-Services/grpcserver/server.go:65.44,66.31 1 0
github.com/Zura16/Reusable-Go-Services/grpcserver/server.go:66.31,68.3 1 0
github.com/Zura16/Reusable-Go-Services/grpcserver/server.go:72.42,73.31 1 10
github.com/Zura16/Reusable-Go-Services/grpcserver/server.go:73.31,75.3 1 10
github.com/Zura16/Reusable-Go-Services/grpcserver/server.go:79.54,80.31 1 0
github.com/Zura16/Reusable-Go-Services/grpcserver/server.go:80.31,83.3 2 0
github.com/Zura16/Reusable-Go-Services/grpcserver/server.go:95.145,96.19 1 11
github.com/Zura16/Reusable-Go-Services/grpcserver/server.go:96.19,98.3 1 0
github.com/Zura16/Reusable-Go-Services/grpcserver/server.go:100.2,106.27 2 11
github.com/Zura16/Reusable-Go-Services/grpcserver/server.go:106.27,108.3 1 11
github.com/Zura16/Reusable-Go-Services/grpcserver/server.go:110.2,110.49 1 11
github.com/Zura16/Reusable-Go-Services/grpcserver/server.go:110.49,112.3 1 1
github.com/Zura16/Reusable-Go-Services/grpcserver/server.go:115.2,118.20 2 10
github.com/Zura16/Reusable-Go-Services/grpcserver/server.go:118.20,120.3 1 1
github.com/Zura16/Reusable-Go-Services/grpcserver/server.go:121.2,123.25 3 10
github.com/Zura16/Reusable-Go-Services/grpcserver/server.go:123.25,125.3 1 9
github.com/Zura16/Reusable-Go-Services/grpcserver/server.go:127.2,130.20 2 10
github.com/Zura16/Reusable-Go-Services/grpcserver/server.go:130.20,132.3 1 1
github.com/Zura16/Reusable-Go-Services/grpcserver/server.go:133.2,135.25 3 10
github.com/Zura16/Reusable-Go-Services/grpcserver/server.go:135.25,137.3 1 9
github.com/Zura16/Reusable-Go-Services/grpcserver/server.go:139.2,146.25 2 10
github.com/Zura16/Reusable-Go-Services/grpcserver/server.go:146.25,148.3 1 0
github.com/Zura16/Reusable-Go-Services/grpcserver/server.go:150.2,157.26 5 10
github.com/Zura16/Reusable-Go-Services/grpcserver/server.go:157.26,159.3 1 0
github.com/Zura16/Reusable-Go-Services/grpcserver/server.go:161.2,162.24 2 10
github.com/Zura16/Reusable-Go-Services/grpcserver/server.go:162.24,164.3 1 10
github.com/Zura16/Reusable-Go-Services/grpcserver/server.go:164.8,168.17 4 0
github.com/Zura16/Reusable-Go-Services/grpcserver/server.go:168.17,170.4 1 0
github.com/Zura16/Reusable-Go-Services/grpcserver/server.go:173.2,178.8 1 10
github.com/Zura16/Reusable-Go-Services/grpcserver/server.go:182.40,184.2 1 9
github.com/Zura16/Reusable-Go-Services/grpcserver/server.go:187.42,189.2 1 0
github.com/Zura16/Reusable-Go-Services/grpcserver/server.go:192.32,195.2 2 9
github.com/Zura16/Reusable-Go-Services/grpcserver/server.go:198.33,200.27 2 10
github.com/Zura16/Reusable-Go-Services/grpcserver/server.go:200.27,202.3 1 10
github.com/Zura16/Reusable-Go-Services/grpcserver/server.go:203.2,203.25 1 10
github.com/Zura16/Reusable-Go-Services/grpcserver/server.go:207.25,210.2 2 0
